<?xml version="1.0" encoding="UTF-8"?>
<testsuite xmlns:xsi="http://www.w3.org/2001/XMLSchema-instance" xsi:noNamespaceSchemaLocation="https://maven.apache.org/surefire/maven-surefire-plugin/xsd/surefire-test-report.xsd" name="com.xaut.Maventest.AppTest" time="0.09" tests="1" errors="0" skipped="0" failures="0">
  <properties>
    <property name="sun.desktop" value="windows"/>
    <property name="awt.toolkit" value="sun.awt.windows.WToolkit"/>
    <property name="file.encoding.pkg" value="sun.io"/>
    <property name="java.specification.version" value="1.8"/>
    <property name="sun.cpu.isalist" value="amd64"/>
    <property name="sun.jnu.encoding" value="GBK"/>
    <property name="java.class.path" value="D:\program\ProgramOfIdea\Maventest\target\test-classes;D:\program\ProgramOfIdea\Maventest\target\classes;D:\AlwaysSoftware\MavenRepository\junit\junit\4.11\junit-4.11.jar;D:\AlwaysSoftware\MavenRepository\org\hamcrest\hamcrest-core\1.3\hamcrest-core-1.3.jar;D:\AlwaysSoftware\MavenRepository\org\junit\jupiter\junit-jupiter-api\5.3.2\junit-jupiter-api-5.3.2.jar;D:\AlwaysSoftware\MavenRepository\org\apiguardian\apiguardian-api\1.0.0\apiguardian-api-1.0.0.jar;D:\AlwaysSoftware\MavenRepository\org\opentest4j\opentest4j\1.1.1\opentest4j-1.1.1.jar;D:\AlwaysSoftware\MavenRepository\org\junit\platform\junit-platform-commons\1.3.2\junit-platform-commons-1.3.2.jar;D:\AlwaysSoftware\MavenRepository\org\springframework\boot\spring-boot-starter-web\1.4.2.RELEASE\spring-boot-starter-web-1.4.2.RELEASE.jar;D:\AlwaysSoftware\MavenRepository\org\springframework\boot\spring-boot-starter\1.4.2.RELEASE\spring-boot-starter-1.4.2.RELEASE.jar;D:\AlwaysSoftware\MavenRepository\org\springframework\boot\spring-boot\1.4.2.RELEASE\spring-boot-1.4.2.RELEASE.jar;D:\AlwaysSoftware\MavenRepository\org\springframework\boot\spring-boot-autoconfigure\1.4.2.RELEASE\spring-boot-autoconfigure-1.4.2.RELEASE.jar;D:\AlwaysSoftware\MavenRepository\org\springframework\boot\spring-boot-starter-logging\1.4.2.RELEASE\spring-boot-starter-logging-1.4.2.RELEASE.jar;D:\AlwaysSoftware\MavenRepository\ch\qos\logback\logback-classic\1.1.7\logback-classic-1.1.7.jar;D:\AlwaysSoftware\MavenRepository\ch\qos\logback\logback-core\1.1.7\logback-core-1.1.7.jar;D:\AlwaysSoftware\MavenRepository\org\slf4j\slf4j-api\1.7.20\slf4j-api-1.7.20.jar;D:\AlwaysSoftware\MavenRepository\org\slf4j\jcl-over-slf4j\1.7.21\jcl-over-slf4j-1.7.21.jar;D:\AlwaysSoftware\MavenRepository\org\slf4j\jul-to-slf4j\1.7.21\jul-to-slf4j-1.7.21.jar;D:\AlwaysSoftware\MavenRepository\org\slf4j\log4j-over-slf4j\1.7.21\log4j-over-slf4j-1.7.21.jar;D:\AlwaysSoftware\MavenRepository\org\springframework\spring-core\4.3.4.RELEASE\spring-core-4.3.4.RELEASE.jar;D:\AlwaysSoftware\MavenRepository\org\yaml\snakeyaml\1.17\snakeyaml-1.17.jar;D:\AlwaysSoftware\MavenRepository\org\springframework\boot\spring-boot-starter-tomcat\1.4.2.RELEASE\spring-boot-starter-tomcat-1.4.2.RELEASE.jar;D:\AlwaysSoftware\MavenRepository\org\apache\tomcat\embed\tomcat-embed-core\8.5.6\tomcat-embed-core-8.5.6.jar;D:\AlwaysSoftware\MavenRepository\org\apache\tomcat\embed\tomcat-embed-el\8.5.6\tomcat-embed-el-8.5.6.jar;D:\AlwaysSoftware\MavenRepository\org\apache\tomcat\embed\tomcat-embed-websocket\8.5.6\tomcat-embed-websocket-8.5.6.jar;D:\AlwaysSoftware\MavenRepository\org\hibernate\hibernate-validator\5.2.4.Final\hibernate-validator-5.2.4.Final.jar;D:\AlwaysSoftware\MavenRepository\javax\validation\validation-api\1.1.0.Final\validation-api-1.1.0.Final.jar;D:\AlwaysSoftware\MavenRepository\org\jboss\logging\jboss-logging\3.2.1.Final\jboss-logging-3.2.1.Final.jar;D:\AlwaysSoftware\MavenRepository\com\fasterxml\classmate\1.1.0\classmate-1.1.0.jar;D:\AlwaysSoftware\MavenRepository\com\fasterxml\jackson\core\jackson-databind\2.8.4\jackson-databind-2.8.4.jar;D:\AlwaysSoftware\MavenRepository\com\fasterxml\jackson\core\jackson-annotations\2.8.0\jackson-annotations-2.8.0.jar;D:\AlwaysSoftware\MavenRepository\com\fasterxml\jackson\core\jackson-core\2.8.4\jackson-core-2.8.4.jar;D:\AlwaysSoftware\MavenRepository\org\springframework\spring-web\4.3.4.RELEASE\spring-web-4.3.4.RELEASE.jar;D:\AlwaysSoftware\MavenRepository\org\springframework\spring-aop\4.3.4.RELEASE\spring-aop-4.3.4.RELEASE.jar;D:\AlwaysSoftware\MavenRepository\org\springframework\spring-beans\4.3.4.RELEASE\spring-beans-4.3.4.RELEASE.jar;D:\AlwaysSoftware\MavenRepository\org\springframework\spring-context\4.3.4.RELEASE\spring-context-4.3.4.RELEASE.jar;D:\AlwaysSoftware\MavenRepository\org\springframework\spring-webmvc\4.3.4.RELEASE\spring-webmvc-4.3.4.RELEASE.jar;D:\AlwaysSoftware\MavenRepository\org\springframework\spring-expression\4.3.4.RELEASE\spring-expression-4.3.4.RELEASE.jar;"/>
    <property name="java.vm.vendor" value="Oracle Corporation"/>
    <property name="sun.arch.data.model" value="64"/>
    <property name="user.variant" value=""/>
    <property name="java.vendor.url" value="http://java.oracle.com/"/>
    <property name="user.timezone" value="Asia/Shanghai"/>
    <property name="java.vm.specification.version" value="1.8"/>
    <property name="os.name" value="Windows 10"/>
    <property name="user.country" value="CN"/>
    <property name="sun.java.launcher" value="SUN_STANDARD"/>
    <property name="sun.boot.library.path" value="C:\Program Files\Java\jdk1.8.0_251\jre\bin"/>
    <property name="sun.java.command" value="C:\Users\ADMINI~1\AppData\Local\Temp\surefire1910868616083986199\surefirebooter5182522318182290280.jar C:\Users\Administrator\AppData\Local\Temp\surefire1910868616083986199 2020-12-01T21-18-36_005-jvmRun1 surefire2818413369724344064tmp surefire_0920544649422101930tmp"/>
    <property name="surefire.test.class.path" value="D:\program\ProgramOfIdea\Maventest\target\test-classes;D:\program\ProgramOfIdea\Maventest\target\classes;D:\AlwaysSoftware\MavenRepository\junit\junit\4.11\junit-4.11.jar;D:\AlwaysSoftware\MavenRepository\org\hamcrest\hamcrest-core\1.3\hamcrest-core-1.3.jar;D:\AlwaysSoftware\MavenRepository\org\junit\jupiter\junit-jupiter-api\5.3.2\junit-jupiter-api-5.3.2.jar;D:\AlwaysSoftware\MavenRepository\org\apiguardian\apiguardian-api\1.0.0\apiguardian-api-1.0.0.jar;D:\AlwaysSoftware\MavenRepository\org\opentest4j\opentest4j\1.1.1\opentest4j-1.1.1.jar;D:\AlwaysSoftware\MavenRepository\org\junit\platform\junit-platform-commons\1.3.2\junit-platform-commons-1.3.2.jar;D:\AlwaysSoftware\MavenRepository\org\springframework\boot\spring-boot-starter-web\1.4.2.RELEASE\spring-boot-starter-web-1.4.2.RELEASE.jar;D:\AlwaysSoftware\MavenRepository\org\springframework\boot\spring-boot-starter\1.4.2.RELEASE\spring-boot-starter-1.4.2.RELEASE.jar;D:\AlwaysSoftware\MavenRepository\org\springframework\boot\spring-boot\1.4.2.RELEASE\spring-boot-1.4.2.RELEASE.jar;D:\AlwaysSoftware\MavenRepository\org\springframework\boot\spring-boot-autoconfigure\1.4.2.RELEASE\spring-boot-autoconfigure-1.4.2.RELEASE.jar;D:\AlwaysSoftware\MavenRepository\org\springframework\boot\spring-boot-starter-logging\1.4.2.RELEASE\spring-boot-starter-logging-1.4.2.RELEASE.jar;D:\AlwaysSoftware\MavenRepository\ch\qos\logback\logback-classic\1.1.7\logback-classic-1.1.7.jar;D:\AlwaysSoftware\MavenRepository\ch\qos\logback\logback-core\1.1.7\logback-core-1.1.7.jar;D:\AlwaysSoftware\MavenRepository\org\slf4j\slf4j-api\1.7.20\slf4j-api-1.7.20.jar;D:\AlwaysSoftware\MavenRepository\org\slf4j\jcl-over-slf4j\1.7.21\jcl-over-slf4j-1.7.21.jar;D:\AlwaysSoftware\MavenRepository\org\slf4j\jul-to-slf4j\1.7.21\jul-to-slf4j-1.7.21.jar;D:\AlwaysSoftware\MavenRepository\org\slf4j\log4j-over-slf4j\1.7.21\log4j-over-slf4j-1.7.21.jar;D:\AlwaysSoftware\MavenRepository\org\springframework\spring-core\4.3.4.RELEASE\spring-core-4.3.4.RELEASE.jar;D:\AlwaysSoftware\MavenRepository\org\yaml\snakeyaml\1.17\snakeyaml-1.17.jar;D:\AlwaysSoftware\MavenRepository\org\springframework\boot\spring-boot-starter-tomcat\1.4.2.RELEASE\spring-boot-starter-tomcat-1.4.2.RELEASE.jar;D:\AlwaysSoftware\MavenRepository\org\apache\tomcat\embed\tomcat-embed-core\8.5.6\tomcat-embed-core-8.5.6.jar;D:\AlwaysSoftware\MavenRepository\org\apache\tomcat\embed\tomcat-embed-el\8.5.6\tomcat-embed-el-8.5.6.jar;D:\AlwaysSoftware\MavenRepository\org\apache\tomcat\embed\tomcat-embed-websocket\8.5.6\tomcat-embed-websocket-8.5.6.jar;D:\AlwaysSoftware\MavenRepository\org\hibernate\hibernate-validator\5.2.4.Final\hibernate-validator-5.2.4.Final.jar;D:\AlwaysSoftware\MavenRepository\javax\validation\validation-api\1.1.0.Final\validation-api-1.1.0.Final.jar;D:\AlwaysSoftware\MavenRepository\org\jboss\logging\jboss-logging\3.2.1.Final\jboss-logging-3.2.1.Final.jar;D:\AlwaysSoftware\MavenRepository\com\fasterxml\classmate\1.1.0\classmate-1.1.0.jar;D:\AlwaysSoftware\MavenRepository\com\fasterxml\jackson\core\jackson-databind\2.8.4\jackson-databind-2.8.4.jar;D:\AlwaysSoftware\MavenRepository\com\fasterxml\jackson\core\jackson-annotations\2.8.0\jackson-annotations-2.8.0.jar;D:\AlwaysSoftware\MavenRepository\com\fasterxml\jackson\core\jackson-core\2.8.4\jackson-core-2.8.4.jar;D:\AlwaysSoftware\MavenRepository\org\springframework\spring-web\4.3.4.RELEASE\spring-web-4.3.4.RELEASE.jar;D:\AlwaysSoftware\MavenRepository\org\springframework\spring-aop\4.3.4.RELEASE\spring-aop-4.3.4.RELEASE.jar;D:\AlwaysSoftware\MavenRepository\org\springframework\spring-beans\4.3.4.RELEASE\spring-beans-4.3.4.RELEASE.jar;D:\AlwaysSoftware\MavenRepository\org\springframework\spring-context\4.3.4.RELEASE\spring-context-4.3.4.RELEASE.jar;D:\AlwaysSoftware\MavenRepository\org\springframework\spring-webmvc\4.3.4.RELEASE\spring-webmvc-4.3.4.RELEASE.jar;D:\AlwaysSoftware\MavenRepository\org\springframework\spring-expression\4.3.4.RELEASE\spring-expression-4.3.4.RELEASE.jar;"/>
    <property name="sun.cpu.endian" value="little"/>
    <property name="user.home" value="C:\Users\Administrator"/>
    <property name="user.language" value="zh"/>
    <property name="java.specification.vendor" value="Oracle Corporation"/>
    <property name="java.home" value="C:\Program Files\Java\jdk1.8.0_251\jre"/>
    <property name="basedir" value="D:\program\ProgramOfIdea\Maventest"/>
    <property name="file.separator" value="\"/>
    <property name="line.separator" value="&#10;"/>
    <property name="java.vm.specification.vendor" value="Oracle Corporation"/>
    <property name="java.specification.name" value="Java Platform API Specification"/>
    <property name="java.awt.graphicsenv" value="sun.awt.Win32GraphicsEnvironment"/>
    <property name="surefire.real.class.path" value="C:\Users\ADMINI~1\AppData\Local\Temp\surefire1910868616083986199\surefirebooter5182522318182290280.jar"/>
    <property name="sun.boot.class.path" value="C:\Program Files\Java\jdk1.8.0_251\jre\lib\resources.jar;C:\Program Files\Java\jdk1.8.0_251\jre\lib\rt.jar;C:\Program Files\Java\jdk1.8.0_251\jre\lib\sunrsasign.jar;C:\Program Files\Java\jdk1.8.0_251\jre\lib\jsse.jar;C:\Program Files\Java\jdk1.8.0_251\jre\lib\jce.jar;C:\Program Files\Java\jdk1.8.0_251\jre\lib\charsets.jar;C:\Program Files\Java\jdk1.8.0_251\jre\lib\jfr.jar;C:\Program Files\Java\jdk1.8.0_251\jre\classes"/>
    <property name="user.script" value=""/>
    <property name="sun.management.compiler" value="HotSpot 64-Bit Tiered Compilers"/>
    <property name="java.runtime.version" value="1.8.0_251-b08"/>
    <property name="user.name" value="Administrator"/>
    <property name="path.separator" value=";"/>
    <property name="os.version" value="10.0"/>
    <property name="java.endorsed.dirs" value="C:\Program Files\Java\jdk1.8.0_251\jre\lib\endorsed"/>
    <property name="java.runtime.name" value="Java(TM) SE Runtime Environment"/>
    <property name="file.encoding" value="GBK"/>
    <property name="java.vm.name" value="Java HotSpot(TM) 64-Bit Server VM"/>
    <property name="localRepository" value="D:\AlwaysSoftware\MavenRepository"/>
    <property name="java.vendor.url.bug" value="http://bugreport.sun.com/bugreport/"/>
    <property name="java.io.tmpdir" value="C:\Users\ADMINI~1\AppData\Local\Temp\"/>
    <property name="java.version" value="1.8.0_251"/>
    <property name="user.dir" value="D:\program\ProgramOfIdea\Maventest"/>
    <property name="os.arch" value="amd64"/>
    <property name="java.vm.specification.name" value="Java Virtual Machine Specification"/>
    <property name="java.awt.printerjob" value="sun.awt.windows.WPrinterJob"/>
    <property name="sun.os.patch.level" value=""/>
    <property name="idea.version2019.2" value="true"/>
    <property name="java.library.path" value="C:\Program Files\Java\jdk1.8.0_251\jre\bin;C:\WINDOWS\Sun\Java\bin;C:\WINDOWS\system32;C:\WINDOWS;D:\editor\IntelliJ IDEA 2019.2\jbr\\bin;D:\editor\IntelliJ IDEA 2019.2\jbr\\bin\server;C:\Program Files (x86)\Common Files\Oracle\Java\javapath;C:\Program Files\Java\jdk1.8.0_251\bin;C:\Program Files\Java\jdk1.8.0_251\jre\bin;C:\WINDOWS\system32;C:\WINDOWS;C:\WINDOWS\System32\Wbem;C:\WINDOWS\System32\WindowsPowerShell\v1.0\;C:\WINDOWS\System32\OpenSSH\;&quot;;C:\Users\Administrator\AppData\Local\Programs\Python\Python38-32\&quot;;C:\Program Files\Microsoft SQL Server\Client SDK\ODBC\170\Tools\Binn\;C:\Program Files (x86)\Microsoft SQL Server\150\Tools\Binn\;C:\Program Files\Microsoft SQL Server\150\Tools\Binn\;C:\Program Files\Microsoft SQL Server\150\DTS\Binn\;C:\Program Files (x86)\Microsoft SQL Server\150\DTS\Binn\;E:\R2019b\runtime\win64;E:\R2019b\bin;E:\R2019b\polyspace\bin;D:\Program Files\Git\cmd;D:\Program Files\apache-maven-3.5.4\bin;C:\Program Files\MySQL\MySQL Shell 8.0\bin\;C:\Users\Administrator\AppData\Local\Programs\Python\Python38-32\Scripts\;C:\Users\Administrator\AppData\Local\Microsoft\WindowsApps;D:\editor\Microsoft VS Code\bin;D:\Program Files\Git\bin;C:\Program Files\Bandizip\;C:\Program Files\MySQL\MySQL Server 8.0\bin;;."/>
    <property name="java.vm.info" value="mixed mode"/>
    <property name="java.vendor" value="Oracle Corporation"/>
    <property name="java.vm.version" value="25.251-b08"/>
    <property name="java.ext.dirs" value="C:\Program Files\Java\jdk1.8.0_251\jre\lib\ext;C:\WINDOWS\Sun\Java\lib\ext"/>
    <property name="sun.io.unicode.encoding" value="UnicodeLittle"/>
    <property name="maven.repo.local" value="D:\AlwaysSoftware\MavenRepository"/>
    <property name="java.class.version" value="52.0"/>
  </properties>
  <testcase name="shouldAnswerWithTrue" classname="com.xaut.Maventest.AppTest" time="0.004"/>
</testsuite>